0 info it worked if it ends with ok
1 verbose cli [ 'C:\\Program Files (x86)\\nodejs\\node.exe',
1 verbose cli   'C:\\Program Files (x86)\\nodejs\\node_modules\\npm\\bin\\npm-cli.js',
1 verbose cli   'run',
1 verbose cli   'build' ]
2 info using npm@2.14.20
3 info using node@v4.4.0
4 verbose stack Error: Failed to parse json
4 verbose stack Unexpected token ',' at 7:25
4 verbose stack     "build: node server",
4 verbose stack                         ^
4 verbose stack     at parseError (C:\Program Files (x86)\nodejs\node_modules\npm\node_modules\read-package-json\read-json.js:379:11)
4 verbose stack     at parseJson (C:\Program Files (x86)\nodejs\node_modules\npm\node_modules\read-package-json\read-json.js:68:23)
4 verbose stack     at C:\Program Files (x86)\nodejs\node_modules\npm\node_modules\read-package-json\read-json.js:48:5
4 verbose stack     at C:\Program Files (x86)\nodejs\node_modules\npm\node_modules\graceful-fs\graceful-fs.js:78:16
4 verbose stack     at FSReqWrap.readFileAfterClose [as oncomplete] (fs.js:380:3)
5 verbose cwd C:\Users\HP\Desktop\weirdo\project folder
6 error Windows_NT 6.3.9600
7 error argv "C:\\Program Files (x86)\\nodejs\\node.exe" "C:\\Program Files (x86)\\nodejs\\node_modules\\npm\\bin\\npm-cli.js" "run" "build"
8 error node v4.4.0
9 error npm  v2.14.20
10 error file C:\Users\HP\Desktop\weirdo\project folder\package.json
11 error code EJSONPARSE
12 error Failed to parse json
12 error Unexpected token ',' at 7:25
12 error     "build: node server",
12 error                         ^
13 error File: C:\Users\HP\Desktop\weirdo\project folder\package.json
14 error Failed to parse package.json data.
14 error package.json must be actual JSON, not just JavaScript.
14 error
14 error This is not a bug in npm.
14 error Tell the package author to fix their package.json file. JSON.parse
15 verbose exit [ 1, true ]
